<?xml version="1.0" encoding="UTF-8"?>
<testsuite xmlns:xsi="http://www.w3.org/2001/XMLSchema-instance" xsi:noNamespaceSchemaLocation="https://maven.apache.org/surefire/maven-surefire-plugin/xsd/surefire-test-report-3.0.xsd" version="3.0" name="com.example.easyEvent.EasyEventApplicationTests" time="2.293" tests="1" errors="1" skipped="0" failures="0">
  <properties>
    <property name="java.specification.version" value="17"/>
    <property name="sun.jnu.encoding" value="UTF-8"/>
    <property name="java.class.path" value="/Users/nanjie/Downloads/easyEvent/target/test-classes:/Users/nanjie/Downloads/easyEvent/target/classes:/Users/nanjie/Desktop/development/maven/repo/org/springframework/boot/spring-boot-starter/3.2.4/spring-boot-starter-3.2.4.jar:/Users/nanjie/Desktop/development/maven/repo/org/springframework/boot/spring-boot/3.2.4/spring-boot-3.2.4.jar:/Users/nanjie/Desktop/development/maven/repo/org/springframework/spring-context/6.1.5/spring-context-6.1.5.jar:/Users/nanjie/Desktop/development/maven/repo/org/springframework/spring-aop/6.1.5/spring-aop-6.1.5.jar:/Users/nanjie/Desktop/development/maven/repo/org/springframework/spring-beans/6.1.5/spring-beans-6.1.5.jar:/Users/nanjie/Desktop/development/maven/repo/org/springframework/spring-expression/6.1.5/spring-expression-6.1.5.jar:/Users/nanjie/Desktop/development/maven/repo/io/micrometer/micrometer-observation/1.12.4/micrometer-observation-1.12.4.jar:/Users/nanjie/Desktop/development/maven/repo/io/micrometer/micrometer-commons/1.12.4/micrometer-commons-1.12.4.jar:/Users/nanjie/Desktop/development/maven/repo/org/springframework/boot/spring-boot-autoconfigure/3.2.4/spring-boot-autoconfigure-3.2.4.jar:/Users/nanjie/Desktop/development/maven/repo/org/springframework/boot/spring-boot-starter-logging/3.2.4/spring-boot-starter-logging-3.2.4.jar:/Users/nanjie/Desktop/development/maven/repo/ch/qos/logback/logback-classic/1.4.14/logback-classic-1.4.14.jar:/Users/nanjie/Desktop/development/maven/repo/ch/qos/logback/logback-core/1.4.14/logback-core-1.4.14.jar:/Users/nanjie/Desktop/development/maven/repo/org/apache/logging/log4j/log4j-to-slf4j/2.23.1/log4j-to-slf4j-2.23.1.jar:/Users/nanjie/Desktop/development/maven/repo/org/apache/logging/log4j/log4j-api/2.23.1/log4j-api-2.23.1.jar:/Users/nanjie/Desktop/development/maven/repo/org/slf4j/jul-to-slf4j/2.0.12/jul-to-slf4j-2.0.12.jar:/Users/nanjie/Desktop/development/maven/repo/jakarta/annotation/jakarta.annotation-api/2.1.1/jakarta.annotation-api-2.1.1.jar:/Users/nanjie/Desktop/development/maven/repo/org/springframework/spring-core/6.1.5/spring-core-6.1.5.jar:/Users/nanjie/Desktop/development/maven/repo/org/springframework/spring-jcl/6.1.5/spring-jcl-6.1.5.jar:/Users/nanjie/Desktop/development/maven/repo/org/yaml/snakeyaml/2.2/snakeyaml-2.2.jar:/Users/nanjie/Desktop/development/maven/repo/com/netflix/graphql/dgs/graphql-dgs-spring-boot-starter/8.4.2/graphql-dgs-spring-boot-starter-8.4.2.jar:/Users/nanjie/Desktop/development/maven/repo/com/netflix/graphql/dgs/graphql-dgs-spring-boot-oss-autoconfigure/8.4.2/graphql-dgs-spring-boot-oss-autoconfigure-8.4.2.jar:/Users/nanjie/Desktop/development/maven/repo/com/netflix/graphql/dgs/graphql-dgs/8.4.2/graphql-dgs-8.4.2.jar:/Users/nanjie/Desktop/development/maven/repo/com/netflix/graphql/dgs/graphql-dgs-mocking/8.4.2/graphql-dgs-mocking-8.4.2.jar:/Users/nanjie/Desktop/development/maven/repo/net/datafaker/datafaker/2.1.0/datafaker-2.1.0.jar:/Users/nanjie/Desktop/development/maven/repo/com/github/mifmif/generex/1.0.2/generex-1.0.2.jar:/Users/nanjie/Desktop/development/maven/repo/dk/brics/automaton/automaton/1.11-8/automaton-1.11-8.jar:/Users/nanjie/Desktop/development/maven/repo/com/graphql-java/java-dataloader/3.2.2/java-dataloader-3.2.2.jar:/Users/nanjie/Desktop/development/maven/repo/org/jetbrains/kotlin/kotlin-reflect/1.9.23/kotlin-reflect-1.9.23.jar:/Users/nanjie/Desktop/development/maven/repo/com/apollographql/federation/federation-graphql-java-support/4.4.0/federation-graphql-java-support-4.4.0.jar:/Users/nanjie/Desktop/development/maven/repo/com/google/protobuf/protobuf-java/3.25.2/protobuf-java-3.25.2.jar:/Users/nanjie/Desktop/development/maven/repo/org/jetbrains/kotlinx/kotlinx-coroutines-core/1.7.3/kotlinx-coroutines-core-1.7.3.jar:/Users/nanjie/Desktop/development/maven/repo/org/jetbrains/kotlinx/kotlinx-coroutines-core-jvm/1.7.3/kotlinx-coroutines-core-jvm-1.7.3.jar:/Users/nanjie/Desktop/development/maven/repo/org/jetbrains/kotlin/kotlin-stdlib-common/1.9.23/kotlin-stdlib-common-1.9.23.jar:/Users/nanjie/Desktop/development/maven/repo/org/jetbrains/kotlinx/kotlinx-coroutines-reactor/1.7.3/kotlinx-coroutines-reactor-1.7.3.jar:/Users/nanjie/Desktop/development/maven/repo/org/jetbrains/kotlinx/kotlinx-coroutines-reactive/1.7.3/kotlinx-coroutines-reactive-1.7.3.jar:/Users/nanjie/Desktop/development/maven/repo/org/jetbrains/kotlin/kotlin-stdlib-jdk8/1.9.23/kotlin-stdlib-jdk8-1.9.23.jar:/Users/nanjie/Desktop/development/maven/repo/org/jetbrains/kotlin/kotlin-stdlib-jdk7/1.9.23/kotlin-stdlib-jdk7-1.9.23.jar:/Users/nanjie/Desktop/development/maven/repo/com/netflix/graphql/dgs/graphql-dgs-spring-webmvc/8.4.2/graphql-dgs-spring-webmvc-8.4.2.jar:/Users/nanjie/Desktop/development/maven/repo/org/springframework/spring-web/6.1.5/spring-web-6.1.5.jar:/Users/nanjie/Desktop/development/maven/repo/org/apache/commons/commons-lang3/3.13.0/commons-lang3-3.13.0.jar:/Users/nanjie/Desktop/development/maven/repo/com/netflix/graphql/dgs/graphql-dgs-spring-webmvc-autoconfigure/8.4.2/graphql-dgs-spring-webmvc-autoconfigure-8.4.2.jar:/Users/nanjie/Desktop/development/maven/repo/org/springframework/spring-webmvc/6.1.5/spring-webmvc-6.1.5.jar:/Users/nanjie/Desktop/development/maven/repo/jakarta/servlet/jakarta.servlet-api/6.0.0/jakarta.servlet-api-6.0.0.jar:/Users/nanjie/Desktop/development/maven/repo/com/fasterxml/jackson/module/jackson-module-kotlin/2.15.4/jackson-module-kotlin-2.15.4.jar:/Users/nanjie/Desktop/development/maven/repo/com/fasterxml/jackson/core/jackson-databind/2.15.4/jackson-databind-2.15.4.jar:/Users/nanjie/Desktop/development/maven/repo/com/fasterxml/jackson/datatype/jackson-datatype-jsr310/2.15.4/jackson-datatype-jsr310-2.15.4.jar:/Users/nanjie/Desktop/development/maven/repo/com/fasterxml/jackson/core/jackson-core/2.15.4/jackson-core-2.15.4.jar:/Users/nanjie/Desktop/development/maven/repo/com/netflix/graphql/dgs/graphql-dgs-client/8.4.2/graphql-dgs-client-8.4.2.jar:/Users/nanjie/Desktop/development/maven/repo/io/projectreactor/reactor-core/3.6.1/reactor-core-3.6.1.jar:/Users/nanjie/Desktop/development/maven/repo/org/reactivestreams/reactive-streams/1.0.4/reactive-streams-1.0.4.jar:/Users/nanjie/Desktop/development/maven/repo/com/fasterxml/jackson/core/jackson-annotations/2.15.4/jackson-annotations-2.15.4.jar:/Users/nanjie/Desktop/development/maven/repo/com/netflix/graphql/dgs/graphql-dgs-subscription-types/8.4.2/graphql-dgs-subscription-types-8.4.2.jar:/Users/nanjie/Desktop/development/maven/repo/com/fasterxml/jackson/module/jackson-module-parameter-names/2.15.4/jackson-module-parameter-names-2.15.4.jar:/Users/nanjie/Desktop/development/maven/repo/com/fasterxml/jackson/datatype/jackson-datatype-jdk8/2.15.4/jackson-datatype-jdk8-2.15.4.jar:/Users/nanjie/Desktop/development/maven/repo/com/graphql-java/graphql-java/21.4/graphql-java-21.4.jar:/Users/nanjie/Desktop/development/maven/repo/org/jetbrains/annotations/13.0/annotations-13.0.jar:/Users/nanjie/Desktop/development/maven/repo/com/netflix/graphql/dgs/graphql-error-types/8.4.2/graphql-error-types-8.4.2.jar:/Users/nanjie/Desktop/development/maven/repo/org/jetbrains/kotlin/kotlin-stdlib/1.9.23/kotlin-stdlib-1.9.23.jar:/Users/nanjie/Desktop/development/maven/repo/org/springframework/boot/spring-boot-starter-websocket/3.2.4/spring-boot-starter-websocket-3.2.4.jar:/Users/nanjie/Desktop/development/maven/repo/org/springframework/spring-messaging/6.1.5/spring-messaging-6.1.5.jar:/Users/nanjie/Desktop/development/maven/repo/org/springframework/spring-websocket/6.1.5/spring-websocket-6.1.5.jar:/Users/nanjie/Desktop/development/maven/repo/org/springframework/boot/spring-boot-starter-web/3.2.4/spring-boot-starter-web-3.2.4.jar:/Users/nanjie/Desktop/development/maven/repo/org/springframework/boot/spring-boot-starter-json/3.2.4/spring-boot-starter-json-3.2.4.jar:/Users/nanjie/Desktop/development/maven/repo/org/springframework/boot/spring-boot-starter-tomcat/3.2.4/spring-boot-starter-tomcat-3.2.4.jar:/Users/nanjie/Desktop/development/maven/repo/org/apache/tomcat/embed/tomcat-embed-core/10.1.19/tomcat-embed-core-10.1.19.jar:/Users/nanjie/Desktop/development/maven/repo/org/apache/tomcat/embed/tomcat-embed-el/10.1.19/tomcat-embed-el-10.1.19.jar:/Users/nanjie/Desktop/development/maven/repo/org/apache/tomcat/embed/tomcat-embed-websocket/10.1.19/tomcat-embed-websocket-10.1.19.jar:/Users/nanjie/Desktop/development/maven/repo/org/springframework/security/spring-security-crypto/5.6.1/spring-security-crypto-5.6.1.jar:/Users/nanjie/Desktop/development/maven/repo/org/projectlombok/lombok/1.18.30/lombok-1.18.30.jar:/Users/nanjie/Desktop/development/maven/repo/org/springframework/boot/spring-boot-starter-test/3.2.4/spring-boot-starter-test-3.2.4.jar:/Users/nanjie/Desktop/development/maven/repo/org/springframework/boot/spring-boot-test/3.2.4/spring-boot-test-3.2.4.jar:/Users/nanjie/Desktop/development/maven/repo/org/springframework/boot/spring-boot-test-autoconfigure/3.2.4/spring-boot-test-autoconfigure-3.2.4.jar:/Users/nanjie/Desktop/development/maven/repo/com/jayway/jsonpath/json-path/2.9.0/json-path-2.9.0.jar:/Users/nanjie/Desktop/development/maven/repo/org/slf4j/slf4j-api/2.0.12/slf4j-api-2.0.12.jar:/Users/nanjie/Desktop/development/maven/repo/jakarta/xml/bind/jakarta.xml.bind-api/4.0.2/jakarta.xml.bind-api-4.0.2.jar:/Users/nanjie/Desktop/development/maven/repo/jakarta/activation/jakarta.activation-api/2.1.3/jakarta.activation-api-2.1.3.jar:/Users/nanjie/Desktop/development/maven/repo/net/minidev/json-smart/2.5.0/json-smart-2.5.0.jar:/Users/nanjie/Desktop/development/maven/repo/net/minidev/accessors-smart/2.5.0/accessors-smart-2.5.0.jar:/Users/nanjie/Desktop/development/maven/repo/org/ow2/asm/asm/9.3/asm-9.3.jar:/Users/nanjie/Desktop/development/maven/repo/org/assertj/assertj-core/3.24.2/assertj-core-3.24.2.jar:/Users/nanjie/Desktop/development/maven/repo/net/bytebuddy/byte-buddy/1.14.12/byte-buddy-1.14.12.jar:/Users/nanjie/Desktop/development/maven/repo/org/awaitility/awaitility/4.2.0/awaitility-4.2.0.jar:/Users/nanjie/Desktop/development/maven/repo/org/hamcrest/hamcrest/2.2/hamcrest-2.2.jar:/Users/nanjie/Desktop/development/maven/repo/org/junit/jupiter/junit-jupiter/5.10.2/junit-jupiter-5.10.2.jar:/Users/nanjie/Desktop/development/maven/repo/org/junit/jupiter/junit-jupiter-api/5.10.2/junit-jupiter-api-5.10.2.jar:/Users/nanjie/Desktop/development/maven/repo/org/opentest4j/opentest4j/1.3.0/opentest4j-1.3.0.jar:/Users/nanjie/Desktop/development/maven/repo/org/junit/platform/junit-platform-commons/1.10.2/junit-platform-commons-1.10.2.jar:/Users/nanjie/Desktop/development/maven/repo/org/apiguardian/apiguardian-api/1.1.2/apiguardian-api-1.1.2.jar:/Users/nanjie/Desktop/development/maven/repo/org/junit/jupiter/junit-jupiter-params/5.10.2/junit-jupiter-params-5.10.2.jar:/Users/nanjie/Desktop/development/maven/repo/org/junit/jupiter/junit-jupiter-engine/5.10.2/junit-jupiter-engine-5.10.2.jar:/Users/nanjie/Desktop/development/maven/repo/org/junit/platform/junit-platform-engine/1.10.2/junit-platform-engine-1.10.2.jar:/Users/nanjie/Desktop/development/maven/repo/org/mockito/mockito-core/5.7.0/mockito-core-5.7.0.jar:/Users/nanjie/Desktop/development/maven/repo/net/bytebuddy/byte-buddy-agent/1.14.12/byte-buddy-agent-1.14.12.jar:/Users/nanjie/Desktop/development/maven/repo/org/objenesis/objenesis/3.3/objenesis-3.3.jar:/Users/nanjie/Desktop/development/maven/repo/org/mockito/mockito-junit-jupiter/5.7.0/mockito-junit-jupiter-5.7.0.jar:/Users/nanjie/Desktop/development/maven/repo/org/skyscreamer/jsonassert/1.5.1/jsonassert-1.5.1.jar:/Users/nanjie/Desktop/development/maven/repo/com/vaadin/external/google/android-json/0.0.20131108.vaadin1/android-json-0.0.20131108.vaadin1.jar:/Users/nanjie/Desktop/development/maven/repo/org/springframework/spring-test/6.1.5/spring-test-6.1.5.jar:/Users/nanjie/Desktop/development/maven/repo/org/xmlunit/xmlunit-core/2.9.1/xmlunit-core-2.9.1.jar:/Users/nanjie/Desktop/development/maven/repo/com/baomidou/mybatis-plus-boot-starter/3.5.0/mybatis-plus-boot-starter-3.5.0.jar:/Users/nanjie/Desktop/development/maven/repo/com/baomidou/mybatis-plus/3.5.0/mybatis-plus-3.5.0.jar:/Users/nanjie/Desktop/development/maven/repo/com/baomidou/mybatis-plus-extension/3.5.0/mybatis-plus-extension-3.5.0.jar:/Users/nanjie/Desktop/development/maven/repo/com/baomidou/mybatis-plus-core/3.5.0/mybatis-plus-core-3.5.0.jar:/Users/nanjie/Desktop/development/maven/repo/com/baomidou/mybatis-plus-annotation/3.5.0/mybatis-plus-annotation-3.5.0.jar:/Users/nanjie/Desktop/development/maven/repo/com/github/jsqlparser/jsqlparser/4.3/jsqlparser-4.3.jar:/Users/nanjie/Desktop/development/maven/repo/org/mybatis/mybatis/3.5.9/mybatis-3.5.9.jar:/Users/nanjie/Desktop/development/maven/repo/org/mybatis/mybatis-spring/2.0.6/mybatis-spring-2.0.6.jar:/Users/nanjie/Desktop/development/maven/repo/org/springframework/boot/spring-boot-starter-jdbc/3.2.4/spring-boot-starter-jdbc-3.2.4.jar:/Users/nanjie/Desktop/development/maven/repo/com/zaxxer/HikariCP/5.0.1/HikariCP-5.0.1.jar:/Users/nanjie/Desktop/development/maven/repo/org/springframework/spring-jdbc/6.1.5/spring-jdbc-6.1.5.jar:/Users/nanjie/Desktop/development/maven/repo/org/springframework/spring-tx/6.1.5/spring-tx-6.1.5.jar:/Users/nanjie/Desktop/development/maven/repo/org/postgresql/postgresql/42.3.1/postgresql-42.3.1.jar:/Users/nanjie/Desktop/development/maven/repo/org/checkerframework/checker-qual/3.5.0/checker-qual-3.5.0.jar:"/>
    <property name="java.vm.vendor" value="Oracle Corporation"/>
    <property name="sun.arch.data.model" value="64"/>
    <property name="java.vendor.url" value="https://java.oracle.com/"/>
    <property name="user.timezone" value="America/Los_Angeles"/>
    <property name="os.name" value="Mac OS X"/>
    <property name="java.vm.specification.version" value="17"/>
    <property name="sun.java.launcher" value="SUN_STANDARD"/>
    <property name="user.country" value="US"/>
    <property name="sun.boot.library.path" value="/Library/Java/JavaVirtualMachines/jdk-17.0.5.jdk/Contents/Home/lib"/>
    <property name="sun.java.command" value="/Users/nanjie/Downloads/easyEvent/target/surefire/surefirebooter-20240327190801185_3.jar /Users/nanjie/Downloads/easyEvent/target/surefire 2024-03-27T19-08-01_089-jvmRun1 surefire-20240327190801185_1tmp surefire_0-20240327190801185_2tmp"/>
    <property name="http.nonProxyHosts" value="local|*.local|169.254/16|*.169.254/16"/>
    <property name="jdk.debug" value="release"/>
    <property name="surefire.test.class.path" value="/Users/nanjie/Downloads/easyEvent/target/test-classes:/Users/nanjie/Downloads/easyEvent/target/classes:/Users/nanjie/Desktop/development/maven/repo/org/springframework/boot/spring-boot-starter/3.2.4/spring-boot-starter-3.2.4.jar:/Users/nanjie/Desktop/development/maven/repo/org/springframework/boot/spring-boot/3.2.4/spring-boot-3.2.4.jar:/Users/nanjie/Desktop/development/maven/repo/org/springframework/spring-context/6.1.5/spring-context-6.1.5.jar:/Users/nanjie/Desktop/development/maven/repo/org/springframework/spring-aop/6.1.5/spring-aop-6.1.5.jar:/Users/nanjie/Desktop/development/maven/repo/org/springframework/spring-beans/6.1.5/spring-beans-6.1.5.jar:/Users/nanjie/Desktop/development/maven/repo/org/springframework/spring-expression/6.1.5/spring-expression-6.1.5.jar:/Users/nanjie/Desktop/development/maven/repo/io/micrometer/micrometer-observation/1.12.4/micrometer-observation-1.12.4.jar:/Users/nanjie/Desktop/development/maven/repo/io/micrometer/micrometer-commons/1.12.4/micrometer-commons-1.12.4.jar:/Users/nanjie/Desktop/development/maven/repo/org/springframework/boot/spring-boot-autoconfigure/3.2.4/spring-boot-autoconfigure-3.2.4.jar:/Users/nanjie/Desktop/development/maven/repo/org/springframework/boot/spring-boot-starter-logging/3.2.4/spring-boot-starter-logging-3.2.4.jar:/Users/nanjie/Desktop/development/maven/repo/ch/qos/logback/logback-classic/1.4.14/logback-classic-1.4.14.jar:/Users/nanjie/Desktop/development/maven/repo/ch/qos/logback/logback-core/1.4.14/logback-core-1.4.14.jar:/Users/nanjie/Desktop/development/maven/repo/org/apache/logging/log4j/log4j-to-slf4j/2.23.1/log4j-to-slf4j-2.23.1.jar:/Users/nanjie/Desktop/development/maven/repo/org/apache/logging/log4j/log4j-api/2.23.1/log4j-api-2.23.1.jar:/Users/nanjie/Desktop/development/maven/repo/org/slf4j/jul-to-slf4j/2.0.12/jul-to-slf4j-2.0.12.jar:/Users/nanjie/Desktop/development/maven/repo/jakarta/annotation/jakarta.annotation-api/2.1.1/jakarta.annotation-api-2.1.1.jar:/Users/nanjie/Desktop/development/maven/repo/org/springframework/spring-core/6.1.5/spring-core-6.1.5.jar:/Users/nanjie/Desktop/development/maven/repo/org/springframework/spring-jcl/6.1.5/spring-jcl-6.1.5.jar:/Users/nanjie/Desktop/development/maven/repo/org/yaml/snakeyaml/2.2/snakeyaml-2.2.jar:/Users/nanjie/Desktop/development/maven/repo/com/netflix/graphql/dgs/graphql-dgs-spring-boot-starter/8.4.2/graphql-dgs-spring-boot-starter-8.4.2.jar:/Users/nanjie/Desktop/development/maven/repo/com/netflix/graphql/dgs/graphql-dgs-spring-boot-oss-autoconfigure/8.4.2/graphql-dgs-spring-boot-oss-autoconfigure-8.4.2.jar:/Users/nanjie/Desktop/development/maven/repo/com/netflix/graphql/dgs/graphql-dgs/8.4.2/graphql-dgs-8.4.2.jar:/Users/nanjie/Desktop/development/maven/repo/com/netflix/graphql/dgs/graphql-dgs-mocking/8.4.2/graphql-dgs-mocking-8.4.2.jar:/Users/nanjie/Desktop/development/maven/repo/net/datafaker/datafaker/2.1.0/datafaker-2.1.0.jar:/Users/nanjie/Desktop/development/maven/repo/com/github/mifmif/generex/1.0.2/generex-1.0.2.jar:/Users/nanjie/Desktop/development/maven/repo/dk/brics/automaton/automaton/1.11-8/automaton-1.11-8.jar:/Users/nanjie/Desktop/development/maven/repo/com/graphql-java/java-dataloader/3.2.2/java-dataloader-3.2.2.jar:/Users/nanjie/Desktop/development/maven/repo/org/jetbrains/kotlin/kotlin-reflect/1.9.23/kotlin-reflect-1.9.23.jar:/Users/nanjie/Desktop/development/maven/repo/com/apollographql/federation/federation-graphql-java-support/4.4.0/federation-graphql-java-support-4.4.0.jar:/Users/nanjie/Desktop/development/maven/repo/com/google/protobuf/protobuf-java/3.25.2/protobuf-java-3.25.2.jar:/Users/nanjie/Desktop/development/maven/repo/org/jetbrains/kotlinx/kotlinx-coroutines-core/1.7.3/kotlinx-coroutines-core-1.7.3.jar:/Users/nanjie/Desktop/development/maven/repo/org/jetbrains/kotlinx/kotlinx-coroutines-core-jvm/1.7.3/kotlinx-coroutines-core-jvm-1.7.3.jar:/Users/nanjie/Desktop/development/maven/repo/org/jetbrains/kotlin/kotlin-stdlib-common/1.9.23/kotlin-stdlib-common-1.9.23.jar:/Users/nanjie/Desktop/development/maven/repo/org/jetbrains/kotlinx/kotlinx-coroutines-reactor/1.7.3/kotlinx-coroutines-reactor-1.7.3.jar:/Users/nanjie/Desktop/development/maven/repo/org/jetbrains/kotlinx/kotlinx-coroutines-reactive/1.7.3/kotlinx-coroutines-reactive-1.7.3.jar:/Users/nanjie/Desktop/development/maven/repo/org/jetbrains/kotlin/kotlin-stdlib-jdk8/1.9.23/kotlin-stdlib-jdk8-1.9.23.jar:/Users/nanjie/Desktop/development/maven/repo/org/jetbrains/kotlin/kotlin-stdlib-jdk7/1.9.23/kotlin-stdlib-jdk7-1.9.23.jar:/Users/nanjie/Desktop/development/maven/repo/com/netflix/graphql/dgs/graphql-dgs-spring-webmvc/8.4.2/graphql-dgs-spring-webmvc-8.4.2.jar:/Users/nanjie/Desktop/development/maven/repo/org/springframework/spring-web/6.1.5/spring-web-6.1.5.jar:/Users/nanjie/Desktop/development/maven/repo/org/apache/commons/commons-lang3/3.13.0/commons-lang3-3.13.0.jar:/Users/nanjie/Desktop/development/maven/repo/com/netflix/graphql/dgs/graphql-dgs-spring-webmvc-autoconfigure/8.4.2/graphql-dgs-spring-webmvc-autoconfigure-8.4.2.jar:/Users/nanjie/Desktop/development/maven/repo/org/springframework/spring-webmvc/6.1.5/spring-webmvc-6.1.5.jar:/Users/nanjie/Desktop/development/maven/repo/jakarta/servlet/jakarta.servlet-api/6.0.0/jakarta.servlet-api-6.0.0.jar:/Users/nanjie/Desktop/development/maven/repo/com/fasterxml/jackson/module/jackson-module-kotlin/2.15.4/jackson-module-kotlin-2.15.4.jar:/Users/nanjie/Desktop/development/maven/repo/com/fasterxml/jackson/core/jackson-databind/2.15.4/jackson-databind-2.15.4.jar:/Users/nanjie/Desktop/development/maven/repo/com/fasterxml/jackson/datatype/jackson-datatype-jsr310/2.15.4/jackson-datatype-jsr310-2.15.4.jar:/Users/nanjie/Desktop/development/maven/repo/com/fasterxml/jackson/core/jackson-core/2.15.4/jackson-core-2.15.4.jar:/Users/nanjie/Desktop/development/maven/repo/com/netflix/graphql/dgs/graphql-dgs-client/8.4.2/graphql-dgs-client-8.4.2.jar:/Users/nanjie/Desktop/development/maven/repo/io/projectreactor/reactor-core/3.6.1/reactor-core-3.6.1.jar:/Users/nanjie/Desktop/development/maven/repo/org/reactivestreams/reactive-streams/1.0.4/reactive-streams-1.0.4.jar:/Users/nanjie/Desktop/development/maven/repo/com/fasterxml/jackson/core/jackson-annotations/2.15.4/jackson-annotations-2.15.4.jar:/Users/nanjie/Desktop/development/maven/repo/com/netflix/graphql/dgs/graphql-dgs-subscription-types/8.4.2/graphql-dgs-subscription-types-8.4.2.jar:/Users/nanjie/Desktop/development/maven/repo/com/fasterxml/jackson/module/jackson-module-parameter-names/2.15.4/jackson-module-parameter-names-2.15.4.jar:/Users/nanjie/Desktop/development/maven/repo/com/fasterxml/jackson/datatype/jackson-datatype-jdk8/2.15.4/jackson-datatype-jdk8-2.15.4.jar:/Users/nanjie/Desktop/development/maven/repo/com/graphql-java/graphql-java/21.4/graphql-java-21.4.jar:/Users/nanjie/Desktop/development/maven/repo/org/jetbrains/annotations/13.0/annotations-13.0.jar:/Users/nanjie/Desktop/development/maven/repo/com/netflix/graphql/dgs/graphql-error-types/8.4.2/graphql-error-types-8.4.2.jar:/Users/nanjie/Desktop/development/maven/repo/org/jetbrains/kotlin/kotlin-stdlib/1.9.23/kotlin-stdlib-1.9.23.jar:/Users/nanjie/Desktop/development/maven/repo/org/springframework/boot/spring-boot-starter-websocket/3.2.4/spring-boot-starter-websocket-3.2.4.jar:/Users/nanjie/Desktop/development/maven/repo/org/springframework/spring-messaging/6.1.5/spring-messaging-6.1.5.jar:/Users/nanjie/Desktop/development/maven/repo/org/springframework/spring-websocket/6.1.5/spring-websocket-6.1.5.jar:/Users/nanjie/Desktop/development/maven/repo/org/springframework/boot/spring-boot-starter-web/3.2.4/spring-boot-starter-web-3.2.4.jar:/Users/nanjie/Desktop/development/maven/repo/org/springframework/boot/spring-boot-starter-json/3.2.4/spring-boot-starter-json-3.2.4.jar:/Users/nanjie/Desktop/development/maven/repo/org/springframework/boot/spring-boot-starter-tomcat/3.2.4/spring-boot-starter-tomcat-3.2.4.jar:/Users/nanjie/Desktop/development/maven/repo/org/apache/tomcat/embed/tomcat-embed-core/10.1.19/tomcat-embed-core-10.1.19.jar:/Users/nanjie/Desktop/development/maven/repo/org/apache/tomcat/embed/tomcat-embed-el/10.1.19/tomcat-embed-el-10.1.19.jar:/Users/nanjie/Desktop/development/maven/repo/org/apache/tomcat/embed/tomcat-embed-websocket/10.1.19/tomcat-embed-websocket-10.1.19.jar:/Users/nanjie/Desktop/development/maven/repo/org/springframework/security/spring-security-crypto/5.6.1/spring-security-crypto-5.6.1.jar:/Users/nanjie/Desktop/development/maven/repo/org/projectlombok/lombok/1.18.30/lombok-1.18.30.jar:/Users/nanjie/Desktop/development/maven/repo/org/springframework/boot/spring-boot-starter-test/3.2.4/spring-boot-starter-test-3.2.4.jar:/Users/nanjie/Desktop/development/maven/repo/org/springframework/boot/spring-boot-test/3.2.4/spring-boot-test-3.2.4.jar:/Users/nanjie/Desktop/development/maven/repo/org/springframework/boot/spring-boot-test-autoconfigure/3.2.4/spring-boot-test-autoconfigure-3.2.4.jar:/Users/nanjie/Desktop/development/maven/repo/com/jayway/jsonpath/json-path/2.9.0/json-path-2.9.0.jar:/Users/nanjie/Desktop/development/maven/repo/org/slf4j/slf4j-api/2.0.12/slf4j-api-2.0.12.jar:/Users/nanjie/Desktop/development/maven/repo/jakarta/xml/bind/jakarta.xml.bind-api/4.0.2/jakarta.xml.bind-api-4.0.2.jar:/Users/nanjie/Desktop/development/maven/repo/jakarta/activation/jakarta.activation-api/2.1.3/jakarta.activation-api-2.1.3.jar:/Users/nanjie/Desktop/development/maven/repo/net/minidev/json-smart/2.5.0/json-smart-2.5.0.jar:/Users/nanjie/Desktop/development/maven/repo/net/minidev/accessors-smart/2.5.0/accessors-smart-2.5.0.jar:/Users/nanjie/Desktop/development/maven/repo/org/ow2/asm/asm/9.3/asm-9.3.jar:/Users/nanjie/Desktop/development/maven/repo/org/assertj/assertj-core/3.24.2/assertj-core-3.24.2.jar:/Users/nanjie/Desktop/development/maven/repo/net/bytebuddy/byte-buddy/1.14.12/byte-buddy-1.14.12.jar:/Users/nanjie/Desktop/development/maven/repo/org/awaitility/awaitility/4.2.0/awaitility-4.2.0.jar:/Users/nanjie/Desktop/development/maven/repo/org/hamcrest/hamcrest/2.2/hamcrest-2.2.jar:/Users/nanjie/Desktop/development/maven/repo/org/junit/jupiter/junit-jupiter/5.10.2/junit-jupiter-5.10.2.jar:/Users/nanjie/Desktop/development/maven/repo/org/junit/jupiter/junit-jupiter-api/5.10.2/junit-jupiter-api-5.10.2.jar:/Users/nanjie/Desktop/development/maven/repo/org/opentest4j/opentest4j/1.3.0/opentest4j-1.3.0.jar:/Users/nanjie/Desktop/development/maven/repo/org/junit/platform/junit-platform-commons/1.10.2/junit-platform-commons-1.10.2.jar:/Users/nanjie/Desktop/development/maven/repo/org/apiguardian/apiguardian-api/1.1.2/apiguardian-api-1.1.2.jar:/Users/nanjie/Desktop/development/maven/repo/org/junit/jupiter/junit-jupiter-params/5.10.2/junit-jupiter-params-5.10.2.jar:/Users/nanjie/Desktop/development/maven/repo/org/junit/jupiter/junit-jupiter-engine/5.10.2/junit-jupiter-engine-5.10.2.jar:/Users/nanjie/Desktop/development/maven/repo/org/junit/platform/junit-platform-engine/1.10.2/junit-platform-engine-1.10.2.jar:/Users/nanjie/Desktop/development/maven/repo/org/mockito/mockito-core/5.7.0/mockito-core-5.7.0.jar:/Users/nanjie/Desktop/development/maven/repo/net/bytebuddy/byte-buddy-agent/1.14.12/byte-buddy-agent-1.14.12.jar:/Users/nanjie/Desktop/development/maven/repo/org/objenesis/objenesis/3.3/objenesis-3.3.jar:/Users/nanjie/Desktop/development/maven/repo/org/mockito/mockito-junit-jupiter/5.7.0/mockito-junit-jupiter-5.7.0.jar:/Users/nanjie/Desktop/development/maven/repo/org/skyscreamer/jsonassert/1.5.1/jsonassert-1.5.1.jar:/Users/nanjie/Desktop/development/maven/repo/com/vaadin/external/google/android-json/0.0.20131108.vaadin1/android-json-0.0.20131108.vaadin1.jar:/Users/nanjie/Desktop/development/maven/repo/org/springframework/spring-test/6.1.5/spring-test-6.1.5.jar:/Users/nanjie/Desktop/development/maven/repo/org/xmlunit/xmlunit-core/2.9.1/xmlunit-core-2.9.1.jar:/Users/nanjie/Desktop/development/maven/repo/com/baomidou/mybatis-plus-boot-starter/3.5.0/mybatis-plus-boot-starter-3.5.0.jar:/Users/nanjie/Desktop/development/maven/repo/com/baomidou/mybatis-plus/3.5.0/mybatis-plus-3.5.0.jar:/Users/nanjie/Desktop/development/maven/repo/com/baomidou/mybatis-plus-extension/3.5.0/mybatis-plus-extension-3.5.0.jar:/Users/nanjie/Desktop/development/maven/repo/com/baomidou/mybatis-plus-core/3.5.0/mybatis-plus-core-3.5.0.jar:/Users/nanjie/Desktop/development/maven/repo/com/baomidou/mybatis-plus-annotation/3.5.0/mybatis-plus-annotation-3.5.0.jar:/Users/nanjie/Desktop/development/maven/repo/com/github/jsqlparser/jsqlparser/4.3/jsqlparser-4.3.jar:/Users/nanjie/Desktop/development/maven/repo/org/mybatis/mybatis/3.5.9/mybatis-3.5.9.jar:/Users/nanjie/Desktop/development/maven/repo/org/mybatis/mybatis-spring/2.0.6/mybatis-spring-2.0.6.jar:/Users/nanjie/Desktop/development/maven/repo/org/springframework/boot/spring-boot-starter-jdbc/3.2.4/spring-boot-starter-jdbc-3.2.4.jar:/Users/nanjie/Desktop/development/maven/repo/com/zaxxer/HikariCP/5.0.1/HikariCP-5.0.1.jar:/Users/nanjie/Desktop/development/maven/repo/org/springframework/spring-jdbc/6.1.5/spring-jdbc-6.1.5.jar:/Users/nanjie/Desktop/development/maven/repo/org/springframework/spring-tx/6.1.5/spring-tx-6.1.5.jar:/Users/nanjie/Desktop/development/maven/repo/org/postgresql/postgresql/42.3.1/postgresql-42.3.1.jar:/Users/nanjie/Desktop/development/maven/repo/org/checkerframework/checker-qual/3.5.0/checker-qual-3.5.0.jar:"/>
    <property name="sun.cpu.endian" value="little"/>
    <property name="user.home" value="/Users/nanjie"/>
    <property name="user.language" value="zh"/>
    <property name="java.specification.vendor" value="Oracle Corporation"/>
    <property name="java.version.date" value="2022-10-18"/>
    <property name="java.home" value="/Library/Java/JavaVirtualMachines/jdk-17.0.5.jdk/Contents/Home"/>
    <property name="file.separator" value="/"/>
    <property name="basedir" value="/Users/nanjie/Downloads/easyEvent"/>
    <property name="java.vm.compressedOopsMode" value="Zero based"/>
    <property name="line.separator" value="&#10;"/>
    <property name="java.vm.specification.vendor" value="Oracle Corporation"/>
    <property name="java.specification.name" value="Java Platform API Specification"/>
    <property name="FILE_LOG_CHARSET" value="UTF-8"/>
    <property name="java.awt.headless" value="true"/>
    <property name="surefire.real.class.path" value="/Users/nanjie/Downloads/easyEvent/target/surefire/surefirebooter-20240327190801185_3.jar"/>
    <property name="user.script" value="Hans"/>
    <property name="sun.management.compiler" value="HotSpot 64-Bit Tiered Compilers"/>
    <property name="ftp.nonProxyHosts" value="local|*.local|169.254/16|*.169.254/16"/>
    <property name="java.runtime.version" value="17.0.5+9-LTS-191"/>
    <property name="user.name" value="nanjie"/>
    <property name="path.separator" value=":"/>
    <property name="os.version" value="14.4"/>
    <property name="java.runtime.name" value="Java(TM) SE Runtime Environment"/>
    <property name="file.encoding" value="UTF-8"/>
    <property name="java.vm.name" value="Java HotSpot(TM) 64-Bit Server VM"/>
    <property name="localRepository" value="/Users/nanjie/Desktop/development/maven/repo"/>
    <property name="java.vendor.url.bug" value="https://bugreport.java.com/bugreport/"/>
    <property name="java.io.tmpdir" value="/var/folders/v1/_2sw7fkj5ys3jt51mbchnzw40000gn/T/"/>
    <property name="idea.version" value="2021.3.3"/>
    <property name="java.version" value="17.0.5"/>
    <property name="user.dir" value="/Users/nanjie/Downloads/easyEvent"/>
    <property name="os.arch" value="x86_64"/>
    <property name="java.vm.specification.name" value="Java Virtual Machine Specification"/>
    <property name="PID" value="13727"/>
    <property name="CONSOLE_LOG_CHARSET" value="UTF-8"/>
    <property name="native.encoding" value="UTF-8"/>
    <property name="java.library.path" value="/Users/nanjie/Library/Java/Extensions:/Library/Java/Extensions:/Network/Library/Java/Extensions:/System/Library/Java/Extensions:/usr/lib/java:."/>
    <property name="java.vm.info" value="mixed mode, sharing"/>
    <property name="java.vendor" value="Oracle Corporation"/>
    <property name="java.vm.version" value="17.0.5+9-LTS-191"/>
    <property name="sun.io.unicode.encoding" value="UnicodeBig"/>
    <property name="maven.repo.local" value="/Users/nanjie/Desktop/development/maven/repo"/>
    <property name="socksNonProxyHosts" value="local|*.local|169.254/16|*.169.254/16"/>
    <property name="java.class.version" value="61.0"/>
  </properties>
  <testcase name="contextLoads" classname="com.example.easyEvent.EasyEventApplicationTests" time="0.014">
    <error message="Failed to load ApplicationContext for [WebMergedContextConfiguration@45900b64 testClass = com.example.easyEvent.EasyEventApplicationTests, locations = [], classes = [com.example.easyEvent.EasyEventApplication], contextInitializerClasses = [], activeProfiles = [], propertySourceDescriptors = [], propertySourceProperties = [&quot;org.springframework.boot.test.context.SpringBootTestContextBootstrapper=true&quot;], contextCustomizers = [org.springframework.boot.test.context.filter.ExcludeFilterContextCustomizer@d737b89, org.springframework.boot.test.json.DuplicateJsonObjectContextCustomizerFactory$DuplicateJsonObjectContextCustomizer@3f191845, org.springframework.boot.test.mock.mockito.MockitoContextCustomizer@0, org.springframework.boot.test.web.client.TestRestTemplateContextCustomizer@402c4085, org.springframework.boot.test.autoconfigure.actuate.observability.ObservabilityContextCustomizerFactory$DisableObservabilityContextCustomizer@1f, org.springframework.boot.test.autoconfigure.properties.PropertyMappingContextCustomizer@0, org.springframework.boot.test.autoconfigure.web.servlet.WebDriverContextCustomizer@73eb439a, org.springframework.boot.test.context.SpringBootTestAnnotation@7e93227b], resourceBasePath = &quot;src/main/webapp&quot;, contextLoader = org.springframework.boot.test.context.SpringBootContextLoader, parent = null]" type="java.lang.IllegalStateException"><![CDATA[java.lang.IllegalStateException: Failed to load ApplicationContext for [WebMergedContextConfiguration@45900b64 testClass = com.example.easyEvent.EasyEventApplicationTests, locations = [], classes = [com.example.easyEvent.EasyEventApplication], contextInitializerClasses = [], activeProfiles = [], propertySourceDescriptors = [], propertySourceProperties = ["org.springframework.boot.test.context.SpringBootTestContextBootstrapper=true"], contextCustomizers = [org.springframework.boot.test.context.filter.ExcludeFilterContextCustomizer@d737b89, org.springframework.boot.test.json.DuplicateJsonObjectContextCustomizerFactory$DuplicateJsonObjectContextCustomizer@3f191845, org.springframework.boot.test.mock.mockito.MockitoContextCustomizer@0, org.springframework.boot.test.web.client.TestRestTemplateContextCustomizer@402c4085, org.springframework.boot.test.autoconfigure.actuate.observability.ObservabilityContextCustomizerFactory$DisableObservabilityContextCustomizer@1f, org.springframework.boot.test.autoconfigure.properties.PropertyMappingContextCustomizer@0, org.springframework.boot.test.autoconfigure.web.servlet.WebDriverContextCustomizer@73eb439a, org.springframework.boot.test.context.SpringBootTestAnnotation@7e93227b], resourceBasePath = "src/main/webapp", contextLoader = org.springframework.boot.test.context.SpringBootContextLoader, parent = null]
	at org.springframework.test.context.cache.DefaultCacheAwareContextLoaderDelegate.loadContext(DefaultCacheAwareContextLoaderDelegate.java:180)
	at org.springframework.test.context.support.DefaultTestContext.getApplicationContext(DefaultTestContext.java:130)
	at org.springframework.test.context.web.ServletTestExecutionListener.setUpRequestContextIfNecessary(ServletTestExecutionListener.java:191)
	at org.springframework.test.context.web.ServletTestExecutionListener.prepareTestInstance(ServletTestExecutionListener.java:130)
	at org.springframework.test.context.TestContextManager.prepareTestInstance(TestContextManager.java:260)
	at org.springframework.test.context.junit.jupiter.SpringExtension.postProcessTestInstance(SpringExtension.java:163)
	at java.base/java.util.stream.ReferencePipeline$3$1.accept(ReferencePipeline.java:197)
	at java.base/java.util.stream.ReferencePipeline$2$1.accept(ReferencePipeline.java:179)
	at java.base/java.util.ArrayList$ArrayListSpliterator.forEachRemaining(ArrayList.java:1625)
	at java.base/java.util.stream.AbstractPipeline.copyInto(AbstractPipeline.java:509)
	at java.base/java.util.stream.AbstractPipeline.wrapAndCopyInto(AbstractPipeline.java:499)
	at java.base/java.util.stream.StreamSpliterators$WrappingSpliterator.forEachRemaining(StreamSpliterators.java:310)
	at java.base/java.util.stream.Streams$ConcatSpliterator.forEachRemaining(Streams.java:735)
	at java.base/java.util.stream.Streams$ConcatSpliterator.forEachRemaining(Streams.java:734)
	at java.base/java.util.stream.ReferencePipeline$Head.forEach(ReferencePipeline.java:762)
	at java.base/java.util.Optional.orElseGet(Optional.java:364)
	at java.base/java.util.ArrayList.forEach(ArrayList.java:1511)
	at java.base/java.util.ArrayList.forEach(ArrayList.java:1511)
Caused by: org.springframework.beans.factory.UnsatisfiedDependencyException: Error creating bean with name 'eventDataFetcher' defined in file [/Users/nanjie/Downloads/easyEvent/target/classes/com/example/easyEvent/fetcher/eventDataFetcher.class]: Unsatisfied dependency expressed through constructor parameter 0: No qualifying bean of type 'com.example.easyEvent.mapper.EventEntityMapper' available: expected at least 1 bean which qualifies as autowire candidate. Dependency annotations: {}
	at org.springframework.beans.factory.support.ConstructorResolver.createArgumentArray(ConstructorResolver.java:795)
	at org.springframework.beans.factory.support.ConstructorResolver.autowireConstructor(ConstructorResolver.java:237)
	at org.springframework.beans.factory.support.AbstractAutowireCapableBeanFactory.autowireConstructor(AbstractAutowireCapableBeanFactory.java:1355)
	at org.springframework.beans.factory.support.AbstractAutowireCapableBeanFactory.createBeanInstance(AbstractAutowireCapableBeanFactory.java:1192)
	at org.springframework.beans.factory.support.AbstractAutowireCapableBeanFactory.doCreateBean(AbstractAutowireCapableBeanFactory.java:562)
	at org.springframework.beans.factory.support.AbstractAutowireCapableBeanFactory.createBean(AbstractAutowireCapableBeanFactory.java:522)
	at org.springframework.beans.factory.support.AbstractBeanFactory.lambda$doGetBean$0(AbstractBeanFactory.java:326)
	at org.springframework.beans.factory.support.DefaultSingletonBeanRegistry.getSingleton(DefaultSingletonBeanRegistry.java:234)
	at org.springframework.beans.factory.support.AbstractBeanFactory.doGetBean(AbstractBeanFactory.java:324)
	at org.springframework.beans.factory.support.AbstractBeanFactory.getBean(AbstractBeanFactory.java:200)
	at org.springframework.beans.factory.support.DefaultListableBeanFactory.preInstantiateSingletons(DefaultListableBeanFactory.java:975)
	at org.springframework.context.support.AbstractApplicationContext.finishBeanFactoryInitialization(AbstractApplicationContext.java:962)
	at org.springframework.context.support.AbstractApplicationContext.refresh(AbstractApplicationContext.java:624)
	at org.springframework.boot.SpringApplication.refresh(SpringApplication.java:754)
	at org.springframework.boot.SpringApplication.refreshContext(SpringApplication.java:456)
	at org.springframework.boot.SpringApplication.run(SpringApplication.java:334)
	at org.springframework.boot.test.context.SpringBootContextLoader.lambda$loadContext$3(SpringBootContextLoader.java:137)
	at org.springframework.util.function.ThrowingSupplier.get(ThrowingSupplier.java:58)
	at org.springframework.util.function.ThrowingSupplier.get(ThrowingSupplier.java:46)
	at org.springframework.boot.SpringApplication.withHook(SpringApplication.java:1454)
	at org.springframework.boot.test.context.SpringBootContextLoader$ContextLoaderHook.run(SpringBootContextLoader.java:553)
	at org.springframework.boot.test.context.SpringBootContextLoader.loadContext(SpringBootContextLoader.java:137)
	at org.springframework.boot.test.context.SpringBootContextLoader.loadContext(SpringBootContextLoader.java:108)
	at org.springframework.test.context.cache.DefaultCacheAwareContextLoaderDelegate.loadContextInternal(DefaultCacheAwareContextLoaderDelegate.java:225)
	at org.springframework.test.context.cache.DefaultCacheAwareContextLoaderDelegate.loadContext(DefaultCacheAwareContextLoaderDelegate.java:152)
	... 17 more
Caused by: org.springframework.beans.factory.NoSuchBeanDefinitionException: No qualifying bean of type 'com.example.easyEvent.mapper.EventEntityMapper' available: expected at least 1 bean which qualifies as autowire candidate. Dependency annotations: {}
	at org.springframework.beans.factory.support.DefaultListableBeanFactory.raiseNoMatchingBeanFound(DefaultListableBeanFactory.java:1880)
	at org.springframework.beans.factory.support.DefaultListableBeanFactory.doResolveDependency(DefaultListableBeanFactory.java:1406)
	at org.springframework.beans.factory.support.DefaultListableBeanFactory.resolveDependency(DefaultListableBeanFactory.java:1353)
	at org.springframework.beans.factory.support.ConstructorResolver.resolveAutowiredArgument(ConstructorResolver.java:904)
	at org.springframework.beans.factory.support.ConstructorResolver.createArgumentArray(ConstructorResolver.java:782)
	... 41 more
]]></error>
    <system-out><![CDATA[19:08:02.063 [main] INFO org.springframework.test.context.support.AnnotationConfigContextLoaderUtils -- Could not detect default configuration classes for test class [com.example.easyEvent.EasyEventApplicationTests]: EasyEventApplicationTests does not declare any static, non-private, non-final, nested classes annotated with @Configuration.
19:08:02.186 [main] INFO org.springframework.boot.test.context.SpringBootTestContextBootstrapper -- Found @SpringBootConfiguration com.example.easyEvent.EasyEventApplication for test class com.example.easyEvent.EasyEventApplicationTests

  .   ____          _            __ _ _
 /\\ / ___'_ __ _ _(_)_ __  __ _ \ \ \ \
( ( )\___ | '_ | '_| | '_ \/ _` | \ \ \ \
 \\/  ___)| |_)| | | | | || (_| |  ) ) ) )
  '  |____| .__|_| |_|_| |_\__, | / / / /
 =========|_|==============|___/=/_/_/_/
 :: Spring Boot ::                (v3.2.4)

2024-03-27T19:08:02.665-07:00  INFO 13727 --- [           main] c.e.easyEvent.EasyEventApplicationTests  : Starting EasyEventApplicationTests using Java 17.0.5 with PID 13727 (started by nanjie in /Users/nanjie/Downloads/easyEvent)
2024-03-27T19:08:02.667-07:00  INFO 13727 --- [           main] c.e.easyEvent.EasyEventApplicationTests  : No active profile set, falling back to 1 default profile: "default"
2024-03-27T19:08:04.064-07:00  WARN 13727 --- [           main] o.s.w.c.s.GenericWebApplicationContext   : Exception encountered during context initialization - cancelling refresh attempt: org.springframework.beans.factory.UnsatisfiedDependencyException: Error creating bean with name 'eventDataFetcher' defined in file [/Users/nanjie/Downloads/easyEvent/target/classes/com/example/easyEvent/fetcher/eventDataFetcher.class]: Unsatisfied dependency expressed through constructor parameter 0: No qualifying bean of type 'com.example.easyEvent.mapper.EventEntityMapper' available: expected at least 1 bean which qualifies as autowire candidate. Dependency annotations: {}
2024-03-27T19:08:04.075-07:00  INFO 13727 --- [           main] .s.b.a.l.ConditionEvaluationReportLogger : 

Error starting ApplicationContext. To display the condition evaluation report re-run your application with 'debug' enabled.
2024-03-27T19:08:04.116-07:00 ERROR 13727 --- [           main] o.s.b.d.LoggingFailureAnalysisReporter   : 

***************************
APPLICATION FAILED TO START
***************************

Description:

Parameter 0 of constructor in com.example.easyEvent.fetcher.eventDataFetcher required a bean of type 'com.example.easyEvent.mapper.EventEntityMapper' that could not be found.


Action:

Consider defining a bean of type 'com.example.easyEvent.mapper.EventEntityMapper' in your configuration.

2024-03-27T19:08:04.123-07:00  WARN 13727 --- [           main] o.s.test.context.TestContextManager      : Caught exception while allowing TestExecutionListener [org.springframework.test.context.web.ServletTestExecutionListener] to prepare test instance [com.example.easyEvent.EasyEventApplicationTests@f2a1813]

java.lang.IllegalStateException: Failed to load ApplicationContext for [WebMergedContextConfiguration@45900b64 testClass = com.example.easyEvent.EasyEventApplicationTests, locations = [], classes = [com.example.easyEvent.EasyEventApplication], contextInitializerClasses = [], activeProfiles = [], propertySourceDescriptors = [], propertySourceProperties = ["org.springframework.boot.test.context.SpringBootTestContextBootstrapper=true"], contextCustomizers = [org.springframework.boot.test.context.filter.ExcludeFilterContextCustomizer@d737b89, org.springframework.boot.test.json.DuplicateJsonObjectContextCustomizerFactory$DuplicateJsonObjectContextCustomizer@3f191845, org.springframework.boot.test.mock.mockito.MockitoContextCustomizer@0, org.springframework.boot.test.web.client.TestRestTemplateContextCustomizer@402c4085, org.springframework.boot.test.autoconfigure.actuate.observability.ObservabilityContextCustomizerFactory$DisableObservabilityContextCustomizer@1f, org.springframework.boot.test.autoconfigure.properties.PropertyMappingContextCustomizer@0, org.springframework.boot.test.autoconfigure.web.servlet.WebDriverContextCustomizer@73eb439a, org.springframework.boot.test.context.SpringBootTestAnnotation@7e93227b], resourceBasePath = "src/main/webapp", contextLoader = org.springframework.boot.test.context.SpringBootContextLoader, parent = null]
	at org.springframework.test.context.cache.DefaultCacheAwareContextLoaderDelegate.loadContext(DefaultCacheAwareContextLoaderDelegate.java:180) ~[spring-test-6.1.5.jar:6.1.5]
	at org.springframework.test.context.support.DefaultTestContext.getApplicationContext(DefaultTestContext.java:130) ~[spring-test-6.1.5.jar:6.1.5]
	at org.springframework.test.context.web.ServletTestExecutionListener.setUpRequestContextIfNecessary(ServletTestExecutionListener.java:191) ~[spring-test-6.1.5.jar:6.1.5]
	at org.springframework.test.context.web.ServletTestExecutionListener.prepareTestInstance(ServletTestExecutionListener.java:130) ~[spring-test-6.1.5.jar:6.1.5]
	at org.springframework.test.context.TestContextManager.prepareTestInstance(TestContextManager.java:260) ~[spring-test-6.1.5.jar:6.1.5]
	at org.springframework.test.context.junit.jupiter.SpringExtension.postProcessTestInstance(SpringExtension.java:163) ~[spring-test-6.1.5.jar:6.1.5]
	at org.junit.jupiter.engine.descriptor.ClassBasedTestDescriptor.lambda$invokeTestInstancePostProcessors$10(ClassBasedTestDescriptor.java:378) ~[junit-jupiter-engine-5.10.2.jar:5.10.2]
	at org.junit.jupiter.engine.descriptor.ClassBasedTestDescriptor.executeAndMaskThrowable(ClassBasedTestDescriptor.java:383) ~[junit-jupiter-engine-5.10.2.jar:5.10.2]
	at org.junit.jupiter.engine.descriptor.ClassBasedTestDescriptor.lambda$invokeTestInstancePostProcessors$11(ClassBasedTestDescriptor.java:378) ~[junit-jupiter-engine-5.10.2.jar:5.10.2]
	at java.base/java.util.stream.ReferencePipeline$3$1.accept(ReferencePipeline.java:197) ~[na:na]
	at java.base/java.util.stream.ReferencePipeline$2$1.accept(ReferencePipeline.java:179) ~[na:na]
	at java.base/java.util.ArrayList$ArrayListSpliterator.forEachRemaining(ArrayList.java:1625) ~[na:na]
	at java.base/java.util.stream.AbstractPipeline.copyInto(AbstractPipeline.java:509) ~[na:na]
	at java.base/java.util.stream.AbstractPipeline.wrapAndCopyInto(AbstractPipeline.java:499) ~[na:na]
	at java.base/java.util.stream.StreamSpliterators$WrappingSpliterator.forEachRemaining(StreamSpliterators.java:310) ~[na:na]
	at java.base/java.util.stream.Streams$ConcatSpliterator.forEachRemaining(Streams.java:735) ~[na:na]
	at java.base/java.util.stream.Streams$ConcatSpliterator.forEachRemaining(Streams.java:734) ~[na:na]
	at java.base/java.util.stream.ReferencePipeline$Head.forEach(ReferencePipeline.java:762) ~[na:na]
	at org.junit.jupiter.engine.descriptor.ClassBasedTestDescriptor.invokeTestInstancePostProcessors(ClassBasedTestDescriptor.java:377) ~[junit-jupiter-engine-5.10.2.jar:5.10.2]
	at org.junit.jupiter.engine.descriptor.ClassBasedTestDescriptor.lambda$instantiateAndPostProcessTestInstance$6(ClassBasedTestDescriptor.java:290) ~[junit-jupiter-engine-5.10.2.jar:5.10.2]
	at org.junit.platform.engine.support.hierarchical.ThrowableCollector.execute(ThrowableCollector.java:73) ~[junit-platform-engine-1.10.2.jar:1.10.2]
	at org.junit.jupiter.engine.descriptor.ClassBasedTestDescriptor.instantiateAndPostProcessTestInstance(ClassBasedTestDescriptor.java:289) ~[junit-jupiter-engine-5.10.2.jar:5.10.2]
	at org.junit.jupiter.engine.descriptor.ClassBasedTestDescriptor.lambda$testInstancesProvider$4(ClassBasedTestDescriptor.java:279) ~[junit-jupiter-engine-5.10.2.jar:5.10.2]
	at java.base/java.util.Optional.orElseGet(Optional.java:364) ~[na:na]
	at org.junit.jupiter.engine.descriptor.ClassBasedTestDescriptor.lambda$testInstancesProvider$5(ClassBasedTestDescriptor.java:278) ~[junit-jupiter-engine-5.10.2.jar:5.10.2]
	at org.junit.jupiter.engine.execution.TestInstancesProvider.getTestInstances(TestInstancesProvider.java:31) ~[junit-jupiter-engine-5.10.2.jar:5.10.2]
	at org.junit.jupiter.engine.descriptor.TestMethodTestDescriptor.lambda$prepare$0(TestMethodTestDescriptor.java:106) ~[junit-jupiter-engine-5.10.2.jar:5.10.2]
	at org.junit.platform.engine.support.hierarchical.ThrowableCollector.execute(ThrowableCollector.java:73) ~[junit-platform-engine-1.10.2.jar:1.10.2]
	at org.junit.jupiter.engine.descriptor.TestMethodTestDescriptor.prepare(TestMethodTestDescriptor.java:105) ~[junit-jupiter-engine-5.10.2.jar:5.10.2]
	at org.junit.jupiter.engine.descriptor.TestMethodTestDescriptor.prepare(TestMethodTestDescriptor.java:69) ~[junit-jupiter-engine-5.10.2.jar:5.10.2]
	at org.junit.platform.engine.support.hierarchical.NodeTestTask.lambda$prepare$2(NodeTestTask.java:123) ~[junit-platform-engine-1.10.2.jar:1.10.2]
	at org.junit.platform.engine.support.hierarchical.ThrowableCollector.execute(ThrowableCollector.java:73) ~[junit-platform-engine-1.10.2.jar:1.10.2]
	at org.junit.platform.engine.support.hierarchical.NodeTestTask.prepare(NodeTestTask.java:123) ~[junit-platform-engine-1.10.2.jar:1.10.2]
	at org.junit.platform.engine.support.hierarchical.NodeTestTask.execute(NodeTestTask.java:90) ~[junit-platform-engine-1.10.2.jar:1.10.2]
	at java.base/java.util.ArrayList.forEach(ArrayList.java:1511) ~[na:na]
	at org.junit.platform.engine.support.hierarchical.SameThreadHierarchicalTestExecutorService.invokeAll(SameThreadHierarchicalTestExecutorService.java:41) ~[junit-platform-engine-1.10.2.jar:1.10.2]
	at org.junit.platform.engine.support.hierarchical.NodeTestTask.lambda$executeRecursively$6(NodeTestTask.java:155) ~[junit-platform-engine-1.10.2.jar:1.10.2]
	at org.junit.platform.engine.support.hierarchical.ThrowableCollector.execute(ThrowableCollector.java:73) ~[junit-platform-engine-1.10.2.jar:1.10.2]
	at org.junit.platform.engine.support.hierarchical.NodeTestTask.lambda$executeRecursively$8(NodeTestTask.java:141) ~[junit-platform-engine-1.10.2.jar:1.10.2]
	at org.junit.platform.engine.support.hierarchical.Node.around(Node.java:137) ~[junit-platform-engine-1.10.2.jar:1.10.2]
	at org.junit.platform.engine.support.hierarchical.NodeTestTask.lambda$executeRecursively$9(NodeTestTask.java:139) ~[junit-platform-engine-1.10.2.jar:1.10.2]
	at org.junit.platform.engine.support.hierarchical.ThrowableCollector.execute(ThrowableCollector.java:73) ~[junit-platform-engine-1.10.2.jar:1.10.2]
	at org.junit.platform.engine.support.hierarchical.NodeTestTask.executeRecursively(NodeTestTask.java:138) ~[junit-platform-engine-1.10.2.jar:1.10.2]
	at org.junit.platform.engine.support.hierarchical.NodeTestTask.execute(NodeTestTask.java:95) ~[junit-platform-engine-1.10.2.jar:1.10.2]
	at java.base/java.util.ArrayList.forEach(ArrayList.java:1511) ~[na:na]
	at org.junit.platform.engine.support.hierarchical.SameThreadHierarchicalTestExecutorService.invokeAll(SameThreadHierarchicalTestExecutorService.java:41) ~[junit-platform-engine-1.10.2.jar:1.10.2]
	at org.junit.platform.engine.support.hierarchical.NodeTestTask.lambda$executeRecursively$6(NodeTestTask.java:155) ~[junit-platform-engine-1.10.2.jar:1.10.2]
	at org.junit.platform.engine.support.hierarchical.ThrowableCollector.execute(ThrowableCollector.java:73) ~[junit-platform-engine-1.10.2.jar:1.10.2]
	at org.junit.platform.engine.support.hierarchical.NodeTestTask.lambda$executeRecursively$8(NodeTestTask.java:141) ~[junit-platform-engine-1.10.2.jar:1.10.2]
	at org.junit.platform.engine.support.hierarchical.Node.around(Node.java:137) ~[junit-platform-engine-1.10.2.jar:1.10.2]
	at org.junit.platform.engine.support.hierarchical.NodeTestTask.lambda$executeRecursively$9(NodeTestTask.java:139) ~[junit-platform-engine-1.10.2.jar:1.10.2]
	at org.junit.platform.engine.support.hierarchical.ThrowableCollector.execute(ThrowableCollector.java:73) ~[junit-platform-engine-1.10.2.jar:1.10.2]
	at org.junit.platform.engine.support.hierarchical.NodeTestTask.executeRecursively(NodeTestTask.java:138) ~[junit-platform-engine-1.10.2.jar:1.10.2]
	at org.junit.platform.engine.support.hierarchical.NodeTestTask.execute(NodeTestTask.java:95) ~[junit-platform-engine-1.10.2.jar:1.10.2]
	at org.junit.platform.engine.support.hierarchical.SameThreadHierarchicalTestExecutorService.submit(SameThreadHierarchicalTestExecutorService.java:35) ~[junit-platform-engine-1.10.2.jar:1.10.2]
	at org.junit.platform.engine.support.hierarchical.HierarchicalTestExecutor.execute(HierarchicalTestExecutor.java:57) ~[junit-platform-engine-1.10.2.jar:1.10.2]
	at org.junit.platform.engine.support.hierarchical.HierarchicalTestEngine.execute(HierarchicalTestEngine.java:54) ~[junit-platform-engine-1.10.2.jar:1.10.2]
	at org.junit.platform.launcher.core.EngineExecutionOrchestrator.execute(EngineExecutionOrchestrator.java:198) ~[junit-platform-launcher-1.10.2.jar:1.10.2]
	at org.junit.platform.launcher.core.EngineExecutionOrchestrator.execute(EngineExecutionOrchestrator.java:169) ~[junit-platform-launcher-1.10.2.jar:1.10.2]
	at org.junit.platform.launcher.core.EngineExecutionOrchestrator.execute(EngineExecutionOrchestrator.java:93) ~[junit-platform-launcher-1.10.2.jar:1.10.2]
	at org.junit.platform.launcher.core.EngineExecutionOrchestrator.lambda$execute$0(EngineExecutionOrchestrator.java:58) ~[junit-platform-launcher-1.10.2.jar:1.10.2]
	at org.junit.platform.launcher.core.EngineExecutionOrchestrator.withInterceptedStreams(EngineExecutionOrchestrator.java:141) ~[junit-platform-launcher-1.10.2.jar:1.10.2]
	at org.junit.platform.launcher.core.EngineExecutionOrchestrator.execute(EngineExecutionOrchestrator.java:57) ~[junit-platform-launcher-1.10.2.jar:1.10.2]
	at org.junit.platform.launcher.core.DefaultLauncher.execute(DefaultLauncher.java:103) ~[junit-platform-launcher-1.10.2.jar:1.10.2]
	at org.junit.platform.launcher.core.DefaultLauncher.execute(DefaultLauncher.java:85) ~[junit-platform-launcher-1.10.2.jar:1.10.2]
	at org.junit.platform.launcher.core.DelegatingLauncher.execute(DelegatingLauncher.java:47) ~[junit-platform-launcher-1.10.2.jar:1.10.2]
	at org.apache.maven.surefire.junitplatform.LazyLauncher.execute(LazyLauncher.java:56) ~[surefire-junit-platform-3.1.2.jar:3.1.2]
	at org.apache.maven.surefire.junitplatform.JUnitPlatformProvider.execute(JUnitPlatformProvider.java:184) ~[surefire-junit-platform-3.1.2.jar:3.1.2]
	at org.apache.maven.surefire.junitplatform.JUnitPlatformProvider.invokeAllTests(JUnitPlatformProvider.java:148) ~[surefire-junit-platform-3.1.2.jar:3.1.2]
	at org.apache.maven.surefire.junitplatform.JUnitPlatformProvider.invoke(JUnitPlatformProvider.java:122) ~[surefire-junit-platform-3.1.2.jar:3.1.2]
	at org.apache.maven.surefire.booter.ForkedBooter.runSuitesInProcess(ForkedBooter.java:385) ~[surefire-booter-3.1.2.jar:3.1.2]
	at org.apache.maven.surefire.booter.ForkedBooter.execute(ForkedBooter.java:162) ~[surefire-booter-3.1.2.jar:3.1.2]
	at org.apache.maven.surefire.booter.ForkedBooter.run(ForkedBooter.java:507) ~[surefire-booter-3.1.2.jar:3.1.2]
	at org.apache.maven.surefire.booter.ForkedBooter.main(ForkedBooter.java:495) ~[surefire-booter-3.1.2.jar:3.1.2]
Caused by: org.springframework.beans.factory.UnsatisfiedDependencyException: Error creating bean with name 'eventDataFetcher' defined in file [/Users/nanjie/Downloads/easyEvent/target/classes/com/example/easyEvent/fetcher/eventDataFetcher.class]: Unsatisfied dependency expressed through constructor parameter 0: No qualifying bean of type 'com.example.easyEvent.mapper.EventEntityMapper' available: expected at least 1 bean which qualifies as autowire candidate. Dependency annotations: {}
	at org.springframework.beans.factory.support.ConstructorResolver.createArgumentArray(ConstructorResolver.java:795) ~[spring-beans-6.1.5.jar:6.1.5]
	at org.springframework.beans.factory.support.ConstructorResolver.autowireConstructor(ConstructorResolver.java:237) ~[spring-beans-6.1.5.jar:6.1.5]
	at org.springframework.beans.factory.support.AbstractAutowireCapableBeanFactory.autowireConstructor(AbstractAutowireCapableBeanFactory.java:1355) ~[spring-beans-6.1.5.jar:6.1.5]
	at org.springframework.beans.factory.support.AbstractAutowireCapableBeanFactory.createBeanInstance(AbstractAutowireCapableBeanFactory.java:1192) ~[spring-beans-6.1.5.jar:6.1.5]
	at org.springframework.beans.factory.support.AbstractAutowireCapableBeanFactory.doCreateBean(AbstractAutowireCapableBeanFactory.java:562) ~[spring-beans-6.1.5.jar:6.1.5]
	at org.springframework.beans.factory.support.AbstractAutowireCapableBeanFactory.createBean(AbstractAutowireCapableBeanFactory.java:522) ~[spring-beans-6.1.5.jar:6.1.5]
	at org.springframework.beans.factory.support.AbstractBeanFactory.lambda$doGetBean$0(AbstractBeanFactory.java:326) ~[spring-beans-6.1.5.jar:6.1.5]
	at org.springframework.beans.factory.support.DefaultSingletonBeanRegistry.getSingleton(DefaultSingletonBeanRegistry.java:234) ~[spring-beans-6.1.5.jar:6.1.5]
	at org.springframework.beans.factory.support.AbstractBeanFactory.doGetBean(AbstractBeanFactory.java:324) ~[spring-beans-6.1.5.jar:6.1.5]
	at org.springframework.beans.factory.support.AbstractBeanFactory.getBean(AbstractBeanFactory.java:200) ~[spring-beans-6.1.5.jar:6.1.5]
	at org.springframework.beans.factory.support.DefaultListableBeanFactory.preInstantiateSingletons(DefaultListableBeanFactory.java:975) ~[spring-beans-6.1.5.jar:6.1.5]
	at org.springframework.context.support.AbstractApplicationContext.finishBeanFactoryInitialization(AbstractApplicationContext.java:962) ~[spring-context-6.1.5.jar:6.1.5]
	at org.springframework.context.support.AbstractApplicationContext.refresh(AbstractApplicationContext.java:624) ~[spring-context-6.1.5.jar:6.1.5]
	at org.springframework.boot.SpringApplication.refresh(SpringApplication.java:754) ~[spring-boot-3.2.4.jar:3.2.4]
	at org.springframework.boot.SpringApplication.refreshContext(SpringApplication.java:456) ~[spring-boot-3.2.4.jar:3.2.4]
	at org.springframework.boot.SpringApplication.run(SpringApplication.java:334) ~[spring-boot-3.2.4.jar:3.2.4]
	at org.springframework.boot.test.context.SpringBootContextLoader.lambda$loadContext$3(SpringBootContextLoader.java:137) ~[spring-boot-test-3.2.4.jar:3.2.4]
	at org.springframework.util.function.ThrowingSupplier.get(ThrowingSupplier.java:58) ~[spring-core-6.1.5.jar:6.1.5]
	at org.springframework.util.function.ThrowingSupplier.get(ThrowingSupplier.java:46) ~[spring-core-6.1.5.jar:6.1.5]
	at org.springframework.boot.SpringApplication.withHook(SpringApplication.java:1454) ~[spring-boot-3.2.4.jar:3.2.4]
	at org.springframework.boot.test.context.SpringBootContextLoader$ContextLoaderHook.run(SpringBootContextLoader.java:553) ~[spring-boot-test-3.2.4.jar:3.2.4]
	at org.springframework.boot.test.context.SpringBootContextLoader.loadContext(SpringBootContextLoader.java:137) ~[spring-boot-test-3.2.4.jar:3.2.4]
	at org.springframework.boot.test.context.SpringBootContextLoader.loadContext(SpringBootContextLoader.java:108) ~[spring-boot-test-3.2.4.jar:3.2.4]
	at org.springframework.test.context.cache.DefaultCacheAwareContextLoaderDelegate.loadContextInternal(DefaultCacheAwareContextLoaderDelegate.java:225) ~[spring-test-6.1.5.jar:6.1.5]
	at org.springframework.test.context.cache.DefaultCacheAwareContextLoaderDelegate.loadContext(DefaultCacheAwareContextLoaderDelegate.java:152) ~[spring-test-6.1.5.jar:6.1.5]
	... 73 common frames omitted
Caused by: org.springframework.beans.factory.NoSuchBeanDefinitionException: No qualifying bean of type 'com.example.easyEvent.mapper.EventEntityMapper' available: expected at least 1 bean which qualifies as autowire candidate. Dependency annotations: {}
	at org.springframework.beans.factory.support.DefaultListableBeanFactory.raiseNoMatchingBeanFound(DefaultListableBeanFactory.java:1880) ~[spring-beans-6.1.5.jar:6.1.5]
	at org.springframework.beans.factory.support.DefaultListableBeanFactory.doResolveDependency(DefaultListableBeanFactory.java:1406) ~[spring-beans-6.1.5.jar:6.1.5]
	at org.springframework.beans.factory.support.DefaultListableBeanFactory.resolveDependency(DefaultListableBeanFactory.java:1353) ~[spring-beans-6.1.5.jar:6.1.5]
	at org.springframework.beans.factory.support.ConstructorResolver.resolveAutowiredArgument(ConstructorResolver.java:904) ~[spring-beans-6.1.5.jar:6.1.5]
	at org.springframework.beans.factory.support.ConstructorResolver.createArgumentArray(ConstructorResolver.java:782) ~[spring-beans-6.1.5.jar:6.1.5]
	... 97 common frames omitted

]]></system-out>
    <system-err><![CDATA[


============================
CONDITIONS EVALUATION REPORT
============================


Positive matches:
-----------------

    None


Negative matches:
-----------------

    None


Exclusions:
-----------

    None


Unconditional classes:
----------------------

    None



]]></system-err>
  </testcase>
</testsuite>